[PCAP] Successfully opened file: Example/sample/radius_2.pcap
[PCAP] Example/sample/radius_2.pcap Successfully interpreted by dpkt Reader
[PCAP] Unpacked Ethernet headers
[PCAP] Replaced ethernet src + dst:
	SRC: d04ba18b4bda -> bytearray(b'\x84mr4\x1e~')
	DST: 692e4fa77deb -> bytearray(b'\\\xd1\xf7t\xe86')
[PCAP] Unpacked IP headers
[PCAP] Replaced IP src + dst
[PCAP] Entering upper layer protocol scrub (UDP)[PCAP] Unpacked Ethernet headers
[PCAP] Replaced ethernet src + dst:
	SRC: 692e4fa77deb -> bytearray(b'\\\xd1\xf7t\xe86')
	DST: d04ba18b4bda -> bytearray(b'\x84mr4\x1e~')
[PCAP] Unpacked IP headers
[PCAP] Replaced IP src + dst
[PCAP] Entering upper layer protocol scrub (UDP)[PCAP] Unpacked Ethernet headers
[PCAP] Replaced ethernet src + dst:
	SRC: d04ba18b4bda -> bytearray(b'\x84mr4\x1e~')
	DST: 692e4fa77deb -> bytearray(b'\\\xd1\xf7t\xe86')
[PCAP] Unpacked IP headers
[PCAP] Replaced IP src + dst
[PCAP] Entering upper layer protocol scrub (UDP)[PCAP] Unpacked Ethernet headers
[PCAP] Replaced ethernet src + dst:
	SRC: 692e4fa77deb -> bytearray(b'\\\xd1\xf7t\xe86')
	DST: d04ba18b4bda -> bytearray(b'\x84mr4\x1e~')
[PCAP] Unpacked IP headers
[PCAP] Replaced IP src + dst
[PCAP] Entering upper layer protocol scrub (UDP)

